<?xml version="1.0" encoding="UTF-8"?>
<!-- Generated by org.testng.reporters.JUnitXMLReporter -->
<testsuite ignored="6" hostname="EPINHYDW0D78" failures="0" tests="4" name="Test" time="6.194" errors="0" timestamp="2022-03-11T18:22:40 IST">
  <testcase classname="com.epam.scripts.Test01Authorization" name="authorization" time="2.283"/>
  <testcase classname="com.epam.scripts.Test02GetListOfBooks" name="getBooks" time="1.386"/>
  <testcase classname="com.epam.scripts.Test03AddBooksToUser" name="addBooksToUser" time="1.086"/>
  <testcase classname="com.epam.scripts.Test04DeleteAddedBooks" name="deleteBooksAdded" time="1.284"/>
  <testcase classname="com.epam.commonlib.TestBase" name="@AfterSuite afterSuite" time="0.0">
    <ignored/>
  </testcase> <!-- @AfterSuite afterSuite -->
  <testcase classname="com.epam.commonlib.TestBase" name="@AfterSuite afterSuite" time="0.0">
    <ignored/>
  </testcase> <!-- @AfterSuite afterSuite -->
  <testcase classname="com.epam.commonlib.TestBase" name="@AfterSuite afterSuite" time="0.0">
    <ignored/>
  </testcase> <!-- @AfterSuite afterSuite -->
  <testcase classname="com.epam.commonlib.TestBase" name="@BeforeSuite beforeSuite" time="0.0">
    <ignored/>
  </testcase> <!-- @BeforeSuite beforeSuite -->
  <testcase classname="com.epam.commonlib.TestBase" name="@BeforeSuite beforeSuite" time="0.0">
    <ignored/>
  </testcase> <!-- @BeforeSuite beforeSuite -->
  <testcase classname="com.epam.commonlib.TestBase" name="@BeforeSuite beforeSuite" time="0.0">
    <ignored/>
  </testcase> <!-- @BeforeSuite beforeSuite -->
</testsuite> <!-- Test -->
